\BOOKMARK [1][-]{section.1}{Struttura dell'elaborato}{}% 1
\BOOKMARK [2][-]{subsection.1.1}{Suddivisione in cartelle}{section.1}% 2
\BOOKMARK [2][-]{subsection.1.2}{Struttura del codice}{section.1}% 3
\BOOKMARK [2][-]{subsection.1.3}{Struttura di questo documento}{section.1}% 4
\BOOKMARK [2][-]{subsection.1.4}{Schemi}{section.1}% 5
\BOOKMARK [1][-]{section.2}{Infrastruttura di rete proposta}{}% 6
\BOOKMARK [1][-]{section.3}{Protocolli di rete utilizzati}{}% 7
\BOOKMARK [2][-]{subsection.3.1}{HTTP}{section.3}% 8
\BOOKMARK [3][-]{subsubsection.3.1.1}{Use cases}{subsection.3.1}% 9
\BOOKMARK [3][-]{subsubsection.3.1.2}{Communication}{subsection.3.1}% 10
\BOOKMARK [3][-]{subsubsection.3.1.3}{Header}{subsection.3.1}% 11
\BOOKMARK [2][-]{subsection.3.2}{SSH}{section.3}% 12
\BOOKMARK [3][-]{subsubsection.3.2.1}{Encrypted tunnel}{subsection.3.2}% 13
\BOOKMARK [1][-]{section.4}{Sicurezza della infrastruttura di rete proposta}{}% 14
\BOOKMARK [2][-]{subsection.4.1}{HTTPS}{section.4}% 15
\BOOKMARK [3][-]{subsubsection.4.1.1}{TTL}{subsection.4.1}% 16
\BOOKMARK [3][-]{subsubsection.4.1.2}{Certificati digitali}{subsection.4.1}% 17
\BOOKMARK [2][-]{subsection.4.2}{Privatezza degli endpoint}{section.4}% 18
\BOOKMARK [3][-]{subsubsection.4.2.1}{Sessione}{subsection.4.2}% 19
\BOOKMARK [3][-]{subsubsection.4.2.2}{Autenticazione}{subsection.4.2}% 20
\BOOKMARK [2][-]{subsection.4.3}{SQL injections}{section.4}% 21
\BOOKMARK [1][-]{section.5}{Utilizzo delle funzioni di hash oppure degli algoritmi crittografici}{}% 22
\BOOKMARK [2][-]{subsection.5.1}{Hash}{section.5}% 23
\BOOKMARK [3][-]{subsubsection.5.1.1}{Esempio di implementazione}{subsection.5.1}% 24
\BOOKMARK [3][-]{subsubsection.5.1.2}{Applicazioni pratiche}{subsection.5.1}% 25
\BOOKMARK [1][-]{section.6}{Progettazione del database}{}% 26
\BOOKMARK [2][-]{subsection.6.1}{Schema ER}{section.6}% 27
\BOOKMARK [2][-]{subsection.6.2}{Ipotesi}{section.6}% 28
\BOOKMARK [2][-]{subsection.6.3}{Mapping}{section.6}% 29
\BOOKMARK [2][-]{subsection.6.4}{Normalizzazione}{section.6}% 30
\BOOKMARK [3][-]{subsubsection.6.4.1}{Prima forma normale}{subsection.6.4}% 31
\BOOKMARK [3][-]{subsubsection.6.4.2}{Seconda forma normale}{subsection.6.4}% 32
\BOOKMARK [3][-]{subsubsection.6.4.3}{Terza forma normale}{subsection.6.4}% 33
\BOOKMARK [3][-]{subsubsection.6.4.4}{Forma normale di Boyce-Codd}{subsection.6.4}% 34
\BOOKMARK [2][-]{subsection.6.5}{Tabelle enumerabili}{section.6}% 35
\BOOKMARK [3][-]{subsubsection.6.5.1}{Transition status}{subsection.6.5}% 36
\BOOKMARK [3][-]{subsubsection.6.5.2}{Case status}{subsection.6.5}% 37
\BOOKMARK [3][-]{subsubsection.6.5.3}{Case outcome}{subsection.6.5}% 38
\BOOKMARK [1][-]{section.7}{Creazione del database}{}% 39
\BOOKMARK [2][-]{subsection.7.1}{Tabella di esempio}{section.7}% 40
\BOOKMARK [3][-]{subsubsection.7.1.1}{Inserimento di dati}{subsection.7.1}% 41
\BOOKMARK [1][-]{section.8}{Queries aggiuntive}{}% 42
\BOOKMARK [1][-]{section.9}{Applicazione WEB}{}% 43
\BOOKMARK [2][-]{subsection.9.1}{Login}{section.9}% 44
\BOOKMARK [2][-]{subsection.9.2}{Funzioni mancanti}{section.9}% 45
\BOOKMARK [2][-]{subsection.9.3}{Grafica}{section.9}% 46
\BOOKMARK [2][-]{subsection.9.4}{Paginazione}{section.9}% 47
